<?xml version="1.0" encoding="UTF-8"?>
<!-- Generated by org.testng.reporters.JUnitReportReporter -->
<testsuite hostname="DESKTOP-7EUDCAL" failures="0" tests="2" name="tests.HomeTest" time="11.389" errors="0" timestamp="2025-08-22T07:31:59 IST" skipped="0">
  <testcase classname="tests.HomeTest" name="addToCart" time="5.538"/>
  <system-out/>
  <testcase classname="tests.HomeTest" name="filterSelection" time="5.851"/>
  <system-out/>
</testsuite> <!-- tests.HomeTest -->
