<?xml version="1.0" encoding="UTF-8"?>
<!-- Generated by org.testng.reporters.JUnitReportReporter -->
<testsuite hostname="DESKTOP-7EUDCAL" failures="0" tests="2" name="tests.LoginTest" time="7.725" errors="0" timestamp="2025-08-22T07:31:59 IST" skipped="0">
  <testcase classname="tests.LoginTest" name="validLogin" time="4.514"/>
  <system-out/>
  <testcase classname="tests.LoginTest" name="invalidLogin" time="3.211"/>
  <system-out/>
</testsuite> <!-- tests.LoginTest -->
