<?xml version="1.0" encoding="UTF-8"?>
<!-- Generated by org.testng.reporters.JUnitReportReporter -->
<testsuite hostname="DESKTOP-7EUDCAL" failures="0" tests="1" name="SauceLabsTests.TestRunnerTest" time="31.055" errors="0" timestamp="2025-08-13T21:19:16 IST" skipped="0">
  <testcase classname="SauceLabsTests.TestRunnerTest" name="exe" time="31.055"/>
  <system-out/>
</testsuite> <!-- SauceLabsTests.TestRunnerTest -->
