<?xml version="1.0" encoding="UTF-8"?>
<!-- Generated by org.testng.reporters.JUnitReportReporter -->
<testsuite hostname="DESKTOP-7EUDCAL" failures="0" tests="2" name="SauceLogin" time="9.040" errors="0" timestamp="2025-08-19T06:59:27 IST" skipped="0">
  <testcase classname="SauceLogin" name="invalidlogin" time="5.376"/>
  <system-out/>
  <testcase classname="SauceLogin" name="login" time="3.664"/>
  <system-out/>
</testsuite> <!-- SauceLogin -->
