<?xml version="1.0" encoding="UTF-8"?>
<!-- Generated by org.testng.reporters.JUnitReportReporter -->
<testsuite hostname="DESKTOP-7EUDCAL" failures="0" tests="2" name="BasicTestng" time="0.013" errors="0" timestamp="2025-08-19T06:40:22 IST" skipped="0">
  <testcase classname="BasicTestng" name="method1" time="0.011"/>
  <system-out/>
  <testcase classname="BasicTestng" name="method2" time="0.002"/>
  <system-out/>
</testsuite> <!-- BasicTestng -->
