<?xml version="1.0" encoding="UTF-8"?>
<!-- Generated by org.testng.reporters.JUnitReportReporter -->
<testsuite hostname="DESKTOP-7EUDCAL" failures="0" tests="5" name="AnnotatiosEx.Prioirty" time="0.016" errors="0" timestamp="2025-08-19T07:21:02 IST" skipped="0">
  <testcase classname="AnnotatiosEx.Prioirty" name="filter" time="0.011"/>
  <system-out/>
  <testcase classname="AnnotatiosEx.Prioirty" name="logout" time="0.001"/>
  <system-out/>
  <testcase classname="AnnotatiosEx.Prioirty" name="cart" time="0.001"/>
  <system-out/>
  <testcase classname="AnnotatiosEx.Prioirty" name="order" time="0.001"/>
  <system-out/>
  <testcase classname="AnnotatiosEx.Prioirty" name="login" time="0.002"/>
  <system-out/>
</testsuite> <!-- AnnotatiosEx.Prioirty -->
