<?xml version="1.0" encoding="UTF-8"?>
<!-- Generated by org.testng.reporters.JUnitReportReporter -->
<testsuite hostname="DESKTOP-7EUDCAL" failures="0" tests="2" name="AnnotatiosEx.ignoreTests" time="0.015" errors="0" timestamp="2025-08-19T07:23:28 IST" skipped="0">
  <testcase classname="AnnotatiosEx.ignoreTests" name="method2" time="0.013"/>
  <system-out/>
  <testcase classname="AnnotatiosEx.ignoreTests" name="method3" time="0.002"/>
  <system-out/>
</testsuite> <!-- AnnotatiosEx.ignoreTests -->
