<?xml version="1.0" encoding="UTF-8"?>
<!-- Generated by org.testng.reporters.JUnitReportReporter -->
<testsuite hostname="DESKTOP-7EUDCAL" failures="0" tests="3" name="AnnotatiosEx.AnnotationEg" time="0.017" errors="0" timestamp="2025-08-19T07:04:38 IST" skipped="0">
  <testcase classname="AnnotatiosEx.AnnotationEg" name="method1" time="0.007"/>
  <system-out/>
  <testcase classname="AnnotatiosEx.AnnotationEg" name="method3" time="0.004"/>
  <system-out/>
  <testcase classname="AnnotatiosEx.AnnotationEg" name="method2" time="0.006"/>
  <system-out/>
</testsuite> <!-- AnnotatiosEx.AnnotationEg -->
