<?xml version="1.0" encoding="UTF-8"?>
<!-- Generated by org.testng.reporters.JUnitReportReporter -->
<testsuite hostname="DESKTOP-7EUDCAL" failures="0" tests="3" name="DataProviders.LoginDataProvider" time="15.797" errors="0" timestamp="2025-08-20T06:45:13 IST" skipped="0">
  <testcase classname="DataProviders.LoginDataProvider" name="login" time="8.059"/>
  <system-out/>
  <testcase classname="DataProviders.LoginDataProvider" name="login" time="3.984"/>
  <system-out/>
  <testcase classname="DataProviders.LoginDataProvider" name="login" time="3.754"/>
  <system-out/>
</testsuite> <!-- DataProviders.LoginDataProvider -->
