<?xml version="1.0" encoding="UTF-8"?>
<!-- Generated by org.testng.reporters.JUnitReportReporter -->
<testsuite hostname="DESKTOP-7EUDCAL" failures="0" tests="3" name="Parameters.ParametersEx" time="0.017" errors="0" timestamp="2025-08-20T07:27:30 IST" skipped="0">
  <testcase classname="Parameters.ParametersEx" name="logintest" time="0.001"/>
  <system-out/>
  <testcase classname="Parameters.ParametersEx" name="logintest" time="0.015"/>
  <system-out/>
  <testcase classname="Parameters.ParametersEx" name="logintest" time="0.001"/>
  <system-out/>
</testsuite> <!-- Parameters.ParametersEx -->
