<?xml version="1.0" encoding="UTF-8"?>
<!-- Generated by org.testng.reporters.JUnitReportReporter -->
<testsuite hostname="DESKTOP-7EUDCAL" failures="0" tests="3" name="GroupsEx.GroupEx" time="0.015" errors="0" timestamp="2025-08-20T07:08:57 IST" skipped="0">
  <testcase classname="GroupsEx.GroupEx" name="logout" time="0.001"/>
  <system-out/>
  <testcase classname="GroupsEx.GroupEx" name="login" time="0.002"/>
  <system-out/>
  <testcase classname="GroupsEx.GroupEx" name="cart" time="0.012"/>
  <system-out/>
</testsuite> <!-- GroupsEx.GroupEx -->
