<?xml version="1.0" encoding="UTF-8"?>
<!-- Generated by org.testng.reporters.JUnitReportReporter -->
<testsuite hostname="DESKTOP-7EUDCAL" failures="0" tests="3" name="ParalleEx.ParallelEx" time="32.812" errors="0" timestamp="2025-08-20T07:17:41 IST" skipped="0">
  <testcase classname="ParalleEx.ParallelEx" name="loginSession2" time="11.425"/>
  <system-out/>
  <testcase classname="ParalleEx.ParallelEx" name="loginSession1" time="10.021"/>
  <system-out/>
  <testcase classname="ParalleEx.ParallelEx" name="loginSession3" time="11.366"/>
  <system-out/>
</testsuite> <!-- ParalleEx.ParallelEx -->
