<?xml version="1.0" encoding="UTF-8"?>
<!-- Generated by org.testng.reporters.JUnitReportReporter -->
<testsuite hostname="DESKTOP-7EUDCAL" failures="0" tests="3" name="DataProviders.DataProviderEg" time="0.010" errors="0" timestamp="2025-08-20T06:39:42 IST" skipped="0">
  <testcase classname="DataProviders.DataProviderEg" name="method1" time="0.002"/>
  <system-out/>
  <testcase classname="DataProviders.DataProviderEg" name="method1" time="0.001"/>
  <system-out/>
  <testcase classname="DataProviders.DataProviderEg" name="method1" time="0.007"/>
  <system-out/>
</testsuite> <!-- DataProviders.DataProviderEg -->
