<?xml version="1.0" encoding="UTF-8"?>
<!-- Generated by org.testng.reporters.JUnitReportReporter -->
<testsuite hostname="DESKTOP-7EUDCAL" failures="0" tests="2" name="SauceTests.LoginTest" time="12.568" errors="0" timestamp="2025-08-20T07:02:23 IST" skipped="0">
  <testcase classname="SauceTests.LoginTest" name="invalidlogin" time="6.895"/>
  <system-out/>
  <testcase classname="SauceTests.LoginTest" name="validlogin" time="5.673"/>
  <system-out/>
</testsuite> <!-- SauceTests.LoginTest -->
