<?xml version="1.0" encoding="UTF-8"?>
<!-- Generated by org.testng.reporters.JUnitReportReporter -->
<testsuite hostname="DESKTOP-7EUDCAL" failures="0" tests="10" name="invocationCountEx.invocationEx" time="0.028" errors="0" timestamp="2025-08-20T07:12:00 IST" skipped="0">
  <testcase classname="invocationCountEx.invocationEx" name="method1" time="0.001"/>
  <system-out/>
  <testcase classname="invocationCountEx.invocationEx" name="method1" time="0.003"/>
  <system-out/>
  <testcase classname="invocationCountEx.invocationEx" name="method1" time="0.002"/>
  <system-out/>
  <testcase classname="invocationCountEx.invocationEx" name="method1" time="0.002"/>
  <system-out/>
  <testcase classname="invocationCountEx.invocationEx" name="method1" time="0.011"/>
  <system-out/>
  <testcase classname="invocationCountEx.invocationEx" name="method1" time="0.003"/>
  <system-out/>
  <testcase classname="invocationCountEx.invocationEx" name="method1" time="0.001"/>
  <system-out/>
  <testcase classname="invocationCountEx.invocationEx" name="method1" time="0.001"/>
  <system-out/>
  <testcase classname="invocationCountEx.invocationEx" name="method1" time="0.001"/>
  <system-out/>
  <testcase classname="invocationCountEx.invocationEx" name="method1" time="0.003"/>
  <system-out/>
</testsuite> <!-- invocationCountEx.invocationEx -->
