<?xml version="1.0" encoding="UTF-8"?>
<!-- Generated by org.testng.reporters.JUnitReportReporter -->
<testsuite hostname="DESKTOP-7EUDCAL" failures="0" tests="3" name="DependsOnEx.DependsOnEx" time="0.017" errors="0" timestamp="2025-08-20T06:52:46 IST" skipped="0">
  <testcase classname="DependsOnEx.DependsOnEx" name="filter" time="0.002"/>
  <system-out/>
  <testcase classname="DependsOnEx.DependsOnEx" name="order" time="0.003"/>
  <system-out/>
  <testcase classname="DependsOnEx.DependsOnEx" name="login" time="0.012"/>
  <system-out/>
</testsuite> <!-- DependsOnEx.DependsOnEx -->
