<?xml version="1.0" encoding="UTF-8"?>
<!-- Generated by org.testng.reporters.JUnitReportReporter -->
<testsuite hostname="DESKTOP-7EUDCAL" failures="0" tests="1" name="SauceTests.CartTest" time="4.229" errors="0" timestamp="2025-08-20T07:02:23 IST" skipped="0">
  <testcase classname="SauceTests.CartTest" name="addtocart" time="4.229"/>
  <system-out/>
</testsuite> <!-- SauceTests.CartTest -->
